2021-07-26 20:20:22,343 INFO o.h.v.i.u.Version [background-preinit] HV000001: Hibernate Validator 6.2.0.Final
2021-07-26 20:20:22,458 INFO o.s.b.StartupInfoLogger [main] Starting CouponDistributionApplication v0.0.1-SNAPSHOT using Java 10.0.2 on DESKTOP-FPFV791 with PID 9752 (E:\ShopalystAssignment\CouponDistribution\target\CouponDistribution-0.0.1-SNAPSHOT.jar started by USER in E:\ShopalystAssignment\CouponDistribution)
2021-07-26 20:20:22,478 INFO o.s.b.SpringApplication [main] No active profile set, falling back to default profiles: default
2021-07-26 20:20:23,963 INFO o.s.d.r.c.RepositoryConfigurationDelegate [main] Bootstrapping Spring Data JPA repositories in DEFAULT mode.
2021-07-26 20:20:24,098 INFO o.s.d.r.c.RepositoryConfigurationDelegate [main] Finished Spring Data repository scanning in 120 ms. Found 3 JPA repository interfaces.
2021-07-26 20:20:25,602 INFO o.s.b.w.e.t.TomcatWebServer [main] Tomcat initialized with port(s): 8080 (http)
2021-07-26 20:20:25,622 INFO o.a.j.l.DirectJDKLog [main] Initializing ProtocolHandler ["http-nio-8080"]
2021-07-26 20:20:25,623 INFO o.a.j.l.DirectJDKLog [main] Starting service [Tomcat]
2021-07-26 20:20:25,624 INFO o.a.j.l.DirectJDKLog [main] Starting Servlet engine: [Apache Tomcat/9.0.50]
2021-07-26 20:20:25,715 INFO o.a.j.l.DirectJDKLog [main] Initializing Spring embedded WebApplicationContext
2021-07-26 20:20:25,716 INFO o.s.b.w.s.c.ServletWebServerApplicationContext [main] Root WebApplicationContext: initialization completed in 3058 ms
2021-07-26 20:20:25,795 INFO c.z.h.HikariDataSource [main] HikariPool-1 - Starting...
2021-07-26 20:20:26,318 INFO c.z.h.HikariDataSource [main] HikariPool-1 - Start completed.
2021-07-26 20:20:26,333 INFO o.s.b.a.h.H2ConsoleAutoConfiguration [main] H2 console available at '/h2-console'. Database available at 'jdbc:h2:mem:couponsDb'
2021-07-26 20:20:26,625 INFO o.h.j.i.u.LogHelper [main] HHH000204: Processing PersistenceUnitInfo [name: default]
2021-07-26 20:20:26,816 INFO o.h.Version [main] HHH000412: Hibernate ORM core version 5.4.32.Final
2021-07-26 20:20:27,067 INFO o.h.a.c.r.j.JavaReflectionManager [main] HCANN000001: Hibernate Commons Annotations {5.1.2.Final}
2021-07-26 20:20:27,350 INFO o.h.d.Dialect [main] HHH000400: Using dialect: org.hibernate.dialect.H2Dialect
2021-07-26 20:20:28,614 INFO o.h.e.t.j.p.i.JtaPlatformInitiator [main] HHH000490: Using JtaPlatform implementation: [org.hibernate.engine.transaction.jta.platform.internal.NoJtaPlatform]
2021-07-26 20:20:28,632 INFO o.s.o.j.AbstractEntityManagerFactoryBean [main] Initialized JPA EntityManagerFactory for persistence unit 'default'
2021-07-26 20:20:29,527 WARN o.s.b.a.o.j.JpaBaseConfiguration$JpaWebConfiguration [main] spring.jpa.open-in-view is enabled by default. Therefore, database queries may be performed during view rendering. Explicitly configure spring.jpa.open-in-view to disable this warning
2021-07-26 20:20:30,103 WARN o.s.b.a.t.ThymeleafAutoConfiguration$DefaultTemplateResolverConfiguration [main] Cannot find template location: classpath:/templates/ (please add some templates or check your Thymeleaf configuration)
2021-07-26 20:20:30,233 INFO o.a.j.l.DirectJDKLog [main] Starting ProtocolHandler ["http-nio-8080"]
2021-07-26 20:20:30,267 INFO o.s.b.w.e.t.TomcatWebServer [main] Tomcat started on port(s): 8080 (http) with context path ''
2021-07-26 20:20:30,283 INFO o.s.b.StartupInfoLogger [main] Started CouponDistributionApplication in 8.761 seconds (JVM running for 10.51)
2021-07-26 20:20:30,324 INFO c.s.c.d.ImportTestData [main] Importing file C:\Users\USER\AppData\Local\Temp\membershipType.csv2906346424676428241.csv
2021-07-26 20:20:30,490 INFO c.s.c.d.ImportTestData [main] Importing file C:\Users\USER\AppData\Local\Temp\users.csv892949865471616188.csv
2021-07-26 20:20:30,516 INFO c.s.c.d.ImportTestData [main] Importing file C:\Users\USER\AppData\Local\Temp\coupons.csv8407291686940859688.csv
2021-07-26 20:20:30,527 INFO c.s.c.d.ImportTestData [main] Sample data import completed..
2021-07-26 20:20:41,267 INFO o.a.j.l.DirectJDKLog [http-nio-8080-exec-2] Initializing Spring DispatcherServlet 'dispatcherServlet'
2021-07-26 20:20:41,268 INFO o.s.w.s.FrameworkServlet [http-nio-8080-exec-2] Initializing Servlet 'dispatcherServlet'
2021-07-26 20:20:41,271 INFO o.s.w.s.FrameworkServlet [http-nio-8080-exec-2] Completed initialization in 2 ms
2021-07-26 20:20:41,326 INFO c.s.c.c.CouponRestController [http-nio-8080-exec-2] USER_0003CBC097
2021-07-26 20:20:47,680 INFO c.s.c.c.CouponRestController [http-nio-8080-exec-1] CouponDto(couponCode=null, userId=USER_0003CBC097, updatedDate=null)
2021-07-26 20:20:47,694 INFO c.s.c.s.UserService [http-nio-8080-exec-1] Userid : USER_0003CBC097 AssignedCoupons : 0 Limit : 5
2021-07-26 20:20:51,706 INFO c.s.c.c.CouponRestController [http-nio-8080-exec-4] USER_0003CBC097
2021-07-26 20:21:10,743 INFO c.s.c.c.CouponRestController [http-nio-8080-exec-5] USER_0003CBC097
2021-07-26 20:21:12,525 INFO c.s.c.c.CouponRestController [http-nio-8080-exec-6] USER_0003CBC097
2021-07-26 20:21:24,266 INFO c.s.c.c.CouponRestController [http-nio-8080-exec-3] CouponDto(couponCode=null, userId=USER_0003CBC097, updatedDate=null)
2021-07-26 20:21:24,269 INFO c.s.c.s.UserService [http-nio-8080-exec-3] Userid : USER_0003CBC097 AssignedCoupons : 1 Limit : 5
2021-07-26 20:21:25,483 INFO c.s.c.c.CouponRestController [http-nio-8080-exec-8] CouponDto(couponCode=null, userId=USER_0003CBC097, updatedDate=null)
2021-07-26 20:21:25,486 INFO c.s.c.s.UserService [http-nio-8080-exec-8] Userid : USER_0003CBC097 AssignedCoupons : 2 Limit : 5
2021-07-26 20:21:26,692 INFO c.s.c.c.CouponRestController [http-nio-8080-exec-9] CouponDto(couponCode=null, userId=USER_0003CBC097, updatedDate=null)
2021-07-26 20:21:26,696 INFO c.s.c.s.UserService [http-nio-8080-exec-9] Userid : USER_0003CBC097 AssignedCoupons : 3 Limit : 5
2021-07-26 20:21:28,536 INFO c.s.c.c.CouponRestController [http-nio-8080-exec-7] CouponDto(couponCode=null, userId=USER_0003CBC097, updatedDate=null)
2021-07-26 20:21:28,539 INFO c.s.c.s.UserService [http-nio-8080-exec-7] Userid : USER_0003CBC097 AssignedCoupons : 4 Limit : 5
2021-07-26 20:21:30,753 INFO c.s.c.c.CouponRestController [http-nio-8080-exec-10] CouponDto(couponCode=null, userId=USER_0003CBC097, updatedDate=null)
2021-07-26 20:21:30,757 INFO c.s.c.s.UserService [http-nio-8080-exec-10] Userid : USER_0003CBC097 AssignedCoupons : 5 Limit : 5
2021-07-26 20:21:30,757 ERROR c.s.c.s.CouponService [http-nio-8080-exec-10] User exceeded redumption limit!!
2021-07-26 20:21:34,454 INFO c.s.c.c.CouponRestController [http-nio-8080-exec-2] USER_0003CBC097
